#
# There is insufficient memory for the Java Runtime Environment to continue.
# Native memory allocation (mmap) failed to map 197132288 bytes. Error detail: G1 virtual space
# Possible reasons:
#   The system is out of physical RAM or swap space
#   This process is running with CompressedOops enabled, and the Java Heap may be blocking the growth of the native heap
# Possible solutions:
#   Reduce memory load on the system
#   Increase physical memory or swap space
#   Check if swap backing store is full
#   Decrease Java heap size (-Xmx/-Xms)
#   Decrease number of Java threads
#   Decrease Java thread stack sizes (-Xss)
#   Set larger code cache with -XX:ReservedCodeCacheSize=
#   JVM is running with Zero Based Compressed Oops mode in which the Java heap is
#     placed in the first 32GB address space. The Java Heap base address is the
#     maximum limit for the native heap growth. Please use -XX:HeapBaseMinAddress
#     to set the Java Heap base and to place the Java Heap above 32GB virtual address.
# This output file may be truncated or incomplete.
#
#  Out of Memory Error (os_windows.cpp:3618), pid=109680, tid=82700
#
# JRE version:  (17.0.18+8) (build )
# Java VM: OpenJDK 64-Bit Server VM (17.0.18+8, mixed mode, sharing, tiered, compressed oops, compressed class ptrs, g1 gc, windows-amd64)
# No core dump will be written. Minidumps are not enabled by default on client versions of Windows
#

---------------  S U M M A R Y ------------

Command Line: -javaagent:C:\Users\26134\AppData\Local\JetBrains\IntelliJIdea2025.3\captureAgent\debugger-agent.jar=file:///C:/Users/26134/AppData/Local/Temp/capture10871835746345600671.props -ea -Didea.test.cyclic.buffer.size=1048576 -javaagent:C:\Program Files\JetBrains\IntelliJ IDEA 2025.3.3\lib\idea_rt.jar=56352 -Dkotlinx.coroutines.debug.enable.creation.stack.trace=false -Ddebugger.agent.enable.coroutines=true -Dkotlinx.coroutines.debug.enable.flows.stack.trace=true -Dkotlinx.coroutines.debug.enable.mutable.state.flows.stack.trace=true -Ddebugger.async.stack.trace.for.all.threads=true -Dfile.encoding=UTF-8 com.intellij.rt.junit.JUnitStarter -ideVersion5 -junit5 com.projetAuthentification.authentification.service.AuthServiceTest

Host: 11th Gen Intel(R) Core(TM) i3-1115G4 @ 3.00GHz, 4 cores, 11G,  Windows 11 , 64 bit Build 26100 (10.0.26100.7920)
Time: Mon Mar 30 07:27:25 2026 Île Maurice elapsed time: 0.027811 seconds (0d 0h 0m 0s)

---------------  T H R E A D  ---------------

Current thread (0x000001f8a561bd80):  JavaThread "Unknown thread" [_thread_in_vm, id=82700, stack(0x000000f3ed500000,0x000000f3ed600000)]

Stack: [0x000000f3ed500000,0x000000f3ed600000]
Native frames: (J=compiled Java code, j=interpreted, Vv=VM code, C=native code)
V  [jvm.dll+0x6846f9]
V  [jvm.dll+0x839ea5]
V  [jvm.dll+0x83b91e]
V  [jvm.dll+0x83bfa3]
V  [jvm.dll+0x248eff]
V  [jvm.dll+0x6814b9]
V  [jvm.dll+0x6762ba]
V  [jvm.dll+0x309257]
V  [jvm.dll+0x310826]
V  [jvm.dll+0x360d9e]
V  [jvm.dll+0x360fdd]
V  [jvm.dll+0x2e02dc]
V  [jvm.dll+0x2e11e8]
V  [jvm.dll+0x80cd6b]
V  [jvm.dll+0x36ea21]
V  [jvm.dll+0x7eb945]
V  [jvm.dll+0x3f462b]
V  [jvm.dll+0x3f6111]
C  [jli.dll+0x52d0]
C  [ucrtbase.dll+0x37b0]
C  [KERNEL32.DLL+0x2e8d7]
C  [ntdll.dll+0x8c48c]


---------------  P R O C E S S  ---------------

Threads class SMR info:
_java_thread_list=0x00007ffef43b7f58, length=0, elements={
}

Java Threads: ( => current thread )

Other Threads:
  0x000001f8a5635740 GCTaskThread "GC Thread#0" [stack: 0x000000f3ed600000,0x000000f3ed700000] [id=112708]
  0x000001f8a5682a20 ConcurrentGCThread "G1 Main Marker" [stack: 0x000000f3ed700000,0x000000f3ed800000] [id=92636]
  0x000001f8a5683350 ConcurrentGCThread "G1 Conc#0" [stack: 0x000000f3ed800000,0x000000f3ed900000] [id=107548]

[error occurred during error reporting (printing all threads), id 0xc0000005, EXCEPTION_ACCESS_VIOLATION (0xc0000005) at pc=0x00007ffef3b70e07]

VM state: not at safepoint (not fully initialized)

VM Mutex/Monitor currently owned by a thread:  ([mutex/lock_event])
[0x000001f8a5619b90] Heap_lock - owner thread: 0x000001f8a561bd80

Heap address: 0x0000000744c00000, size: 2996 MB, Compressed Oops mode: Zero based, Oop shift amount: 3

CDS archive(s) mapped at: [0x0000000000000000-0x0000000000000000-0x0000000000000000), size 0, SharedBaseAddress: 0x0000000800000000, ArchiveRelocationMode: 1.
Narrow klass base: 0x0000000000000000, Narrow klass shift: 0, Narrow klass range: 0x0

GC Precious Log:
<Empty>

Heap:
 garbage-first heap   total 0K, used 0K [0x0000000744c00000, 0x0000000800000000)
  region size 2048K, 0 young (0K), 0 survivors (0K)

[error occurred during error reporting (printing heap information), id 0xc0000005, EXCEPTION_ACCESS_VIOLATION (0xc0000005) at pc=0x00007ffef3f5dd09]

GC Heap History (0 events):
No events

Dll operation events (2 events):
Event: 0.018 Loaded shared library C:\Program Files\Java\jdk-17.0.18.8-hotspot\bin\java.dll
Event: 0.020 Loaded shared library C:\Program Files\Java\jdk-17.0.18.8-hotspot\bin\zip.dll

Deoptimization events (0 events):
No events

Classes loaded (0 events):
No events

Classes unloaded (0 events):
No events

Classes redefined (0 events):
No events

Internal exceptions (0 events):
No events

VM Operations (0 events):
No events

Memory protections (0 events):
No events

Nmethod flushes (0 events):
No events

Events (0 events):
No events


Dynamic libraries:
0x00007ff6d17f0000 - 0x00007ff6d17fe000 	C:\Program Files\Java\jdk-17.0.18.8-hotspot\bin\java.exe
0x00007fff96d00000 - 0x00007fff96f67000 	C:\WINDOWS\SYSTEM32\ntdll.dll
0x00007fff964c0000 - 0x00007fff96589000 	C:\WINDOWS\System32\KERNEL32.DLL
0x00007fff935e0000 - 0x00007fff939d1000 	C:\WINDOWS\System32\KERNELBASE.dll
0x00007fff947a0000 - 0x00007fff948eb000 	C:\WINDOWS\System32\ucrtbase.dll
0x00007fff84130000 - 0x00007fff84148000 	C:\Program Files\Java\jdk-17.0.18.8-hotspot\bin\jli.dll
0x00007fff84110000 - 0x00007fff8412e000 	C:\Program Files\Java\jdk-17.0.18.8-hotspot\bin\VCRUNTIME140.dll
0x00007fff94ae0000 - 0x00007fff94ca5000 	C:\WINDOWS\System32\USER32.dll
0x00007fff94a70000 - 0x00007fff94a97000 	C:\WINDOWS\System32\win32u.dll
0x00007fff96af0000 - 0x00007fff96b1b000 	C:\WINDOWS\System32\GDI32.dll
0x00007fff94510000 - 0x00007fff9463b000 	C:\WINDOWS\System32\gdi32full.dll
0x00007fff946f0000 - 0x00007fff94793000 	C:\WINDOWS\System32\msvcp_win.dll
0x00007fff7d6a0000 - 0x00007fff7d933000 	C:\WINDOWS\WinSxS\amd64_microsoft.windows.common-controls_6595b64144ccf1df_6.0.26100.8037_none_3e092faae333b53b\COMCTL32.dll
0x00007fff966a0000 - 0x00007fff96749000 	C:\WINDOWS\System32\msvcrt.dll
0x00007fff94aa0000 - 0x00007fff94ad1000 	C:\WINDOWS\System32\IMM32.DLL
0x00007fff83dd0000 - 0x00007fff83ddc000 	C:\Program Files\Java\jdk-17.0.18.8-hotspot\bin\vcruntime140_1.dll
0x00007fff613d0000 - 0x00007fff6145d000 	C:\Program Files\Java\jdk-17.0.18.8-hotspot\bin\msvcp140.dll
0x00007ffef3880000 - 0x00007ffef44eb000 	C:\Program Files\Java\jdk-17.0.18.8-hotspot\bin\server\jvm.dll
0x00007fff96140000 - 0x00007fff961fb000 	C:\WINDOWS\System32\ADVAPI32.dll
0x00007fff95c00000 - 0x00007fff95ca7000 	C:\WINDOWS\System32\sechost.dll
0x00007fff969d0000 - 0x00007fff96ae8000 	C:\WINDOWS\System32\RPCRT4.dll
0x00007fff965c0000 - 0x00007fff96634000 	C:\WINDOWS\System32\WS2_32.dll
0x00007fff7c160000 - 0x00007fff7c195000 	C:\WINDOWS\SYSTEM32\WINMM.dll
0x00007fff93440000 - 0x00007fff9349e000 	C:\WINDOWS\SYSTEM32\POWRPROF.dll
0x00007fff81410000 - 0x00007fff8141b000 	C:\WINDOWS\SYSTEM32\VERSION.dll
0x00007fff93420000 - 0x00007fff93434000 	C:\WINDOWS\SYSTEM32\UMPDC.dll
0x00007fff92370000 - 0x00007fff9238b000 	C:\WINDOWS\SYSTEM32\kernel.appcore.dll
0x00007fff838e0000 - 0x00007fff838ea000 	C:\Program Files\Java\jdk-17.0.18.8-hotspot\bin\jimage.dll
0x00007fff914d0000 - 0x00007fff91712000 	C:\WINDOWS\SYSTEM32\DBGHELP.DLL
0x00007fff956c0000 - 0x00007fff95a42000 	C:\WINDOWS\System32\combase.dll
0x00007fff95590000 - 0x00007fff95667000 	C:\WINDOWS\System32\OLEAUT32.dll
0x00007fff75080000 - 0x00007fff750bb000 	C:\WINDOWS\SYSTEM32\dbgcore.DLL
0x00007fff94640000 - 0x00007fff946e5000 	C:\WINDOWS\System32\bcryptPrimitives.dll
0x00007fff838d0000 - 0x00007fff838de000 	C:\Program Files\Java\jdk-17.0.18.8-hotspot\bin\instrument.dll
0x00007fff80e40000 - 0x00007fff80e65000 	C:\Program Files\Java\jdk-17.0.18.8-hotspot\bin\java.dll
0x00007fff806b0000 - 0x00007fff806c8000 	C:\Program Files\Java\jdk-17.0.18.8-hotspot\bin\zip.dll

dbghelp: loaded successfully - version: 4.0.5 - missing functions: none
symbol engine: initialized successfully - sym options: 0x614 - pdb path: .;C:\Program Files\Java\jdk-17.0.18.8-hotspot\bin;C:\WINDOWS\SYSTEM32;C:\WINDOWS\WinSxS\amd64_microsoft.windows.common-controls_6595b64144ccf1df_6.0.26100.8037_none_3e092faae333b53b;C:\Program Files\Java\jdk-17.0.18.8-hotspot\bin\server

VM Arguments:
jvm_args: -javaagent:C:\Users\26134\AppData\Local\JetBrains\IntelliJIdea2025.3\captureAgent\debugger-agent.jar=file:///C:/Users/26134/AppData/Local/Temp/capture10871835746345600671.props -ea -Didea.test.cyclic.buffer.size=1048576 -javaagent:C:\Program Files\JetBrains\IntelliJ IDEA 2025.3.3\lib\idea_rt.jar=56352 -Dkotlinx.coroutines.debug.enable.creation.stack.trace=false -Ddebugger.agent.enable.coroutines=true -Dkotlinx.coroutines.debug.enable.flows.stack.trace=true -Dkotlinx.coroutines.debug.enable.mutable.state.flows.stack.trace=true -Ddebugger.async.stack.trace.for.all.threads=true -Dfile.encoding=UTF-8 
java_command: com.intellij.rt.junit.JUnitStarter -ideVersion5 -junit5 com.projetAuthentification.authentification.service.AuthServiceTest
java_class_path (initial): C:\Users\26134\.m2\repository\org\junit\platform\junit-platform-launcher\1.12.2\junit-platform-launcher-1.12.2.jar;C:\Program Files\JetBrains\IntelliJ IDEA 2025.3.3\lib\idea_rt.jar;C:\Program Files\JetBrains\IntelliJ IDEA 2025.3.3\plugins\junit\lib\junit6-rt.jar;C:\Program Files\JetBrains\IntelliJ IDEA 2025.3.3\plugins\junit\lib\junit5-rt.jar;C:\Program Files\JetBrains\IntelliJ IDEA 2025.3.3\plugins\junit\lib\junit-rt.jar;C:\Documents\authentification\target\test-classes;C:\Documents\authentification\target\classes;C:\Users\26134\.m2\repository\org\springframework\boot\spring-boot-starter-data-jpa\3.5.11\spring-boot-starter-data-jpa-3.5.11.jar;C:\Users\26134\.m2\repository\org\springframework\boot\spring-boot-starter\3.5.11\spring-boot-starter-3.5.11.jar;C:\Users\26134\.m2\repository\org\springframework\boot\spring-boot\3.5.11\spring-boot-3.5.11.jar;C:\Users\26134\.m2\repository\org\springframework\boot\spring-boot-autoconfigure\3.5.11\spring-boot-autoconfigure-3.5.11.jar;C:\Users\26134\.m2\repository\org\springframework\boot\spring-boot-starter-logging\3.5.11\spring-boot-starter-logging-3.5.11.jar;C:\Users\26134\.m2\repository\ch\qos\logback\logback-classic\1.5.32\logback-classic-1.5.32.jar;C:\Users\26134\.m2\repository\ch\qos\logback\logback-core\1.5.32\logback-core-1.5.32.jar;C:\Users\26134\.m2\repository\org\apache\logging\log4j\log4j-to-slf4j\2.24.3\log4j-to-slf4j-2.24.3.jar;C:\Users\26134\.m2\repository\org\apache\logging\log4j\log4j-api\2.24.3\log4j-api-2.24.3.jar;C:\Users\26134\.m2\repository\org\slf4j\jul-to-slf4j\2.0.17\jul-to-slf4j-2.0.17.jar;C:\Users\26134\.m2\repository\jakarta\annotation\jakarta.annotation-api\2.1.1\jakarta.annotation-api-2.1.1.jar;C:\Users\26134\.m2\repository\org\yaml\snakeyaml\2.4\snakeyaml-2.4.jar;C:\Users\26134\.m2\repository\org\springframework\boot\spring-boot-starter-jdbc\3.5.11\spring-boot-starter-jdbc-3.5.11.jar;C:\Users\26134\.m2\repository\com\zaxxer\HikariCP\6.3.3\HikariCP-6.3.3.jar;C:\Users\26
Launcher Type: SUN_STANDARD

[Global flags]
     intx CICompilerCount                          = 3                                         {product} {ergonomic}
     uint ConcGCThreads                            = 1                                         {product} {ergonomic}
     uint G1ConcRefinementThreads                  = 4                                         {product} {ergonomic}
   size_t G1HeapRegionSize                         = 2097152                                   {product} {ergonomic}
    uintx GCDrainStackTargetSize                   = 64                                        {product} {ergonomic}
   size_t InitialHeapSize                          = 197132288                                 {product} {ergonomic}
   size_t MarkStackSize                            = 4194304                                   {product} {ergonomic}
   size_t MaxHeapSize                              = 3141533696                                {product} {ergonomic}
   size_t MinHeapDeltaBytes                        = 2097152                                   {product} {ergonomic}
   size_t MinHeapSize                              = 8388608                                   {product} {ergonomic}
    uintx NonNMethodCodeHeapSize                   = 5832780                                {pd product} {ergonomic}
    uintx NonProfiledCodeHeapSize                  = 122912730                              {pd product} {ergonomic}
    uintx ProfiledCodeHeapSize                     = 122912730                              {pd product} {ergonomic}
    uintx ReservedCodeCacheSize                    = 251658240                              {pd product} {ergonomic}
     bool SegmentedCodeCache                       = true                                      {product} {ergonomic}
   size_t SoftMaxHeapSize                          = 3141533696                             {manageable} {ergonomic}
     bool UseCompressedClassPointers               = true                           {product lp64_product} {ergonomic}
     bool UseCompressedOops                        = true                           {product lp64_product} {ergonomic}
     bool UseG1GC                                  = true                                      {product} {ergonomic}
     bool UseLargePagesIndividualAllocation        = false                                  {pd product} {ergonomic}

Logging:
Log output configuration:
 #0: stdout all=warning uptime,level,tags
 #1: stderr all=off uptime,level,tags

Environment Variables:
PATH=C:\Program Files\Java\jdk-17.0.18.8-hotspot\bin;C:\Program Files (x86)\Common Files\Oracle\Java\javapath;C:\WINDOWS\system32;C:\WINDOWS;C:\WINDOWS\System32\Wbem;C:\WINDOWS\System32\WindowsPowerShell\v1.0\;C:\WINDOWS\System32\OpenSSH\;C:\Program Files\MATLAB\R2007b\bin;C:\Program Files\MATLAB\R2007b\bin\win64;C:\Users\26134\Documents\mingw64\bin;C:\Program Files\dotnet\;C:\wamp64\bin\php\php8.3.6;C:\Program Files\Git\cmd;C:\Program Files\Microsoft SQL Server\130\Tools\Binn\;C:\Users\26134\AppData\Local\Programs\Python\Python310\;C:\Users\26134\AppData\Local\Programs\Python\Python310\Scripts\;C:\Program Files\PuTTY\;C:\composer;C:\Program Files\MongoDB\Server\4.4\bin;C:\ProgramData\chocolatey\bin;C:\Users\26134\AppData\Local\nvm;C:\nvm4w\nodejs;C:\Program Files\symfony-cli;C:\Program Files\MongoDB\Server\8.2\bin;C:\wamp64\bin\mysql\mysql8.3.0\bin;C:\mongodb-tools\bin;C:\Program Files\Apache\Maven\apache-maven-3.9.14\bin;C:\Users\26134\AppData\Local\Microsoft\WindowsApps;C:\Users\26134\AppData\Roaming\npm;C:\Users\26134\AppData\Local\Programs\Microsoft VS Code\bin;C:\Users\26134\.dotnet\tools;C:\Users\26134\AppData\Roaming\Composer\vendor\bin;C:\Users\26134\AppData\Local\nvm;C:\nvm4w\nodejs;C:\ProgramData\26134\GitHubDesktop\bin;C:\Program Files\JetBrains\PhpStorm 2025.3.3\bin;C:\Program Files\JetBrains\IntelliJ IDEA 2025.3.3\bin
USERNAME=26134
OS=Windows_NT
PROCESSOR_IDENTIFIER=Intel64 Family 6 Model 140 Stepping 1, GenuineIntel
TMP=C:\Users\26134\AppData\Local\Temp
TEMP=C:\Users\26134\AppData\Local\Temp



Periodic native trim disabled


---------------  S Y S T E M  ---------------

OS:
 Windows 11 , 64 bit Build 26100 (10.0.26100.7920)
OS uptime: 14 days 13:02 hours

CPU: total 4 (initial active 4) (2 cores per cpu, 2 threads per core) family 6 model 140 stepping 1 microcode 0xac, cx8, cmov, fxsr, ht, mmx, 3dnowpref, sse, sse2, sse3, ssse3, sse4.1, sse4.2, popcnt, lzcnt, tsc, tscinvbit, avx, avx2, aes, erms, clmul, bmi1, bmi2, adx, avx512f, avx512dq, avx512cd, avx512bw, avx512vl, sha, fma, vzeroupper, avx512_vpopcntdq, avx512_vpclmulqdq, avx512_vaes, avx512_vnni, clflush, clflushopt, clwb, avx512_vbmi2, avx512_vbmi
Processor Information for all 4 processors :
  Max Mhz: 2995, Current Mhz: 2995, Mhz Limit: 2995

Memory: 4k page, system-wide physical 11982M (557M free)
TotalPageFile size 22168M (AvailPageFile size 109M)
current process WorkingSet (physical memory assigned to process): 12M, peak: 12M
current process commit charge ("private bytes"): 52M, peak: 240M

vm_info: OpenJDK 64-Bit Server VM (17.0.18+8) for windows-amd64 JRE (17.0.18+8), built on Jan 20 2026 22:28:22 by "admin" with MS VC++ 17.12 (VS2022)

END.
